app/build/intermediates/manifest_merge_blame_file/release/manifest-merger-blame-release-report.txt
1<?xml version="1.0" encoding="utf-8"?>
2<manifest xmlns:android="http://schemas.android.com/apk/res/android"
3    package="com.riad.shebahealthcheck"
4    android:versionCode="1"
5    android:versionName="1" >
6
7    <uses-sdk
8        android:minSdkVersion="24"
9        android:targetSdkVersion="34" />
10
11    <uses-permission android:name="android.permission.INTERNET" />
11-->src\main\AndroidManifest.xml:5:5-67
11-->src\main\AndroidManifest.xml:5:22-64
12    <uses-permission android:name="android.permission.CAMERA" />
12-->src\main\AndroidManifest.xml:6:5-65
12-->src\main\AndroidManifest.xml:6:22-62
13
14    <uses-feature android:name="android.hardware.camera" />
14-->src\main\AndroidManifest.xml:8:5-60
14-->src\main\AndroidManifest.xml:8:19-57
15    <uses-feature
15-->src\main\AndroidManifest.xml:9:5-11:36
16        android:name="android.hardware.camera.flash"
16-->src\main\AndroidManifest.xml:10:9-53
17        android:required="false" />
17-->src\main\AndroidManifest.xml:11:9-33
18    <uses-feature
18-->src\main\AndroidManifest.xml:12:5-14:36
19        android:name="android.hardware.telephony"
19-->src\main\AndroidManifest.xml:13:9-50
20        android:required="false" />
20-->src\main\AndroidManifest.xml:14:9-33
21
22    <uses-permission android:name="android.permission.FLASHLIGHT" />
22-->src\main\AndroidManifest.xml:16:5-69
22-->src\main\AndroidManifest.xml:16:22-66
23    <uses-permission android:name="android.permission.WAKE_LOCK" />
23-->src\main\AndroidManifest.xml:17:5-68
23-->src\main\AndroidManifest.xml:17:22-65
24    <uses-permission android:name="sensor" />
24-->src\main\AndroidManifest.xml:18:5-46
24-->src\main\AndroidManifest.xml:18:22-43
25    <uses-permission android:name="android.permission.SYSTEM_ALERT_WINDOW" />
25-->src\main\AndroidManifest.xml:19:5-78
25-->src\main\AndroidManifest.xml:19:22-75
26    <uses-permission android:name="android.permission.ACCESS_COARSE_LOCATION" />
26-->src\main\AndroidManifest.xml:20:5-81
26-->src\main\AndroidManifest.xml:20:22-78
27    <uses-permission android:name="android.permission.ACCESS_FINE_LOCATION" />
27-->src\main\AndroidManifest.xml:21:5-79
27-->src\main\AndroidManifest.xml:21:22-76
28    <uses-permission android:name="android.permission.ACTIVITY_RECOGNITION" />
28-->src\main\AndroidManifest.xml:22:5-79
28-->src\main\AndroidManifest.xml:22:22-76
29
30    <permission
30-->[androidx.core:core:1.13.0] AndroidManifest.xml:22:5-24:47
31        android:name="com.riad.shebahealthcheck.DYNAMIC_RECEIVER_NOT_EXPORTED_PERMISSION"
31-->[androidx.core:core:1.13.0] AndroidManifest.xml:23:9-81
32        android:protectionLevel="signature" />
32-->[androidx.core:core:1.13.0] AndroidManifest.xml:24:9-44
33
34    <uses-permission android:name="com.riad.shebahealthcheck.DYNAMIC_RECEIVER_NOT_EXPORTED_PERMISSION" />
34-->[androidx.core:core:1.13.0] AndroidManifest.xml:26:5-97
34-->[androidx.core:core:1.13.0] AndroidManifest.xml:26:22-94
35
36    <application
36-->src\main\AndroidManifest.xml:24:5-119:19
37        android:allowBackup="true"
37-->src\main\AndroidManifest.xml:25:9-35
38        android:appComponentFactory="androidx.core.app.CoreComponentFactory"
38-->src\main\AndroidManifest.xml:26:9-77
39        android:dataExtractionRules="@xml/data_extraction_rules"
39-->src\main\AndroidManifest.xml:27:9-65
40        android:extractNativeLibs="false"
41        android:fullBackupContent="@xml/backup_rules"
41-->src\main\AndroidManifest.xml:28:9-54
42        android:icon="@drawable/icon"
42-->src\main\AndroidManifest.xml:29:9-38
43        android:label="@string/app_name"
43-->src\main\AndroidManifest.xml:30:9-41
44        android:roundIcon="@drawable/icon"
44-->src\main\AndroidManifest.xml:31:9-43
45        android:supportsRtl="true"
45-->src\main\AndroidManifest.xml:32:9-35
46        android:theme="@style/Theme.HealthMonitor" >
46-->src\main\AndroidManifest.xml:33:9-51
47        <activity
47-->src\main\AndroidManifest.xml:36:9-38:40
48            android:name="com.riad.shebahealthcheck.Record_Page"
48-->src\main\AndroidManifest.xml:37:13-40
49            android:exported="false" />
49-->src\main\AndroidManifest.xml:38:13-37
50        <activity
50-->src\main\AndroidManifest.xml:39:9-41:40
51            android:name="com.riad.shebahealthcheck.Policy"
51-->src\main\AndroidManifest.xml:40:13-35
52            android:exported="false" />
52-->src\main\AndroidManifest.xml:41:13-37
53        <activity
53-->src\main\AndroidManifest.xml:42:9-44:40
54            android:name="com.riad.shebahealthcheck.ContactActivity"
54-->src\main\AndroidManifest.xml:43:13-44
55            android:exported="false" />
55-->src\main\AndroidManifest.xml:44:13-37
56        <activity
56-->src\main\AndroidManifest.xml:45:9-47:40
57            android:name="com.riad.shebahealthcheck.Step_Counter"
57-->src\main\AndroidManifest.xml:46:13-41
58            android:exported="false" />
58-->src\main\AndroidManifest.xml:47:13-37
59        <activity
59-->src\main\AndroidManifest.xml:48:9-54:70
60            android:name="com.riad.shebahealthcheck.Primary"
60-->src\main\AndroidManifest.xml:49:13-36
61            android:configChanges="orientation"
61-->src\main\AndroidManifest.xml:50:13-48
62            android:exported="false"
62-->src\main\AndroidManifest.xml:51:13-37
63            android:label="@string/title_activity_primary"
63-->src\main\AndroidManifest.xml:52:13-59
64            android:screenOrientation="fullSensor"
64-->src\main\AndroidManifest.xml:53:13-51
65            android:theme="@style/Theme.HealthMonitor.NoActionBar" />
65-->src\main\AndroidManifest.xml:54:13-67
66        <activity
66-->src\main\AndroidManifest.xml:55:9-57:40
67            android:name="com.riad.shebahealthcheck.Instruction"
67-->src\main\AndroidManifest.xml:56:13-40
68            android:exported="false" />
68-->src\main\AndroidManifest.xml:57:13-37
69        <activity
69-->src\main\AndroidManifest.xml:58:9-66:20
70            android:name="com.riad.shebahealthcheck.First"
70-->src\main\AndroidManifest.xml:59:13-34
71            android:exported="true" >
71-->src\main\AndroidManifest.xml:60:13-36
72            <intent-filter>
72-->src\main\AndroidManifest.xml:61:13-65:29
73                <action android:name="android.intent.action.MAIN" />
73-->src\main\AndroidManifest.xml:62:17-69
73-->src\main\AndroidManifest.xml:62:25-66
74
75                <category android:name="android.intent.category.LAUNCHER" />
75-->src\main\AndroidManifest.xml:64:17-77
75-->src\main\AndroidManifest.xml:64:27-74
76            </intent-filter>
77        </activity>
78        <activity
78-->src\main\AndroidManifest.xml:67:9-70:54
79            android:name="com.riad.shebahealthcheck.AboutApp"
79-->src\main\AndroidManifest.xml:68:13-37
80            android:configChanges="orientation"
80-->src\main\AndroidManifest.xml:69:13-48
81            android:screenOrientation="fullSensor" />
81-->src\main\AndroidManifest.xml:70:13-51
82        <activity
82-->src\main\AndroidManifest.xml:71:9-74:54
83            android:name="com.riad.shebahealthcheck.O2Result"
83-->src\main\AndroidManifest.xml:72:13-37
84            android:configChanges="orientation"
84-->src\main\AndroidManifest.xml:73:13-48
85            android:screenOrientation="fullSensor" />
85-->src\main\AndroidManifest.xml:74:13-51
86        <activity
86-->src\main\AndroidManifest.xml:75:9-78:54
87            android:name="com.riad.shebahealthcheck.BloodPressureResult"
87-->src\main\AndroidManifest.xml:76:13-48
88            android:configChanges="orientation"
88-->src\main\AndroidManifest.xml:77:13-48
89            android:screenOrientation="fullSensor" />
89-->src\main\AndroidManifest.xml:78:13-51
90        <activity
90-->src\main\AndroidManifest.xml:79:9-82:54
91            android:name="com.riad.shebahealthcheck.HeartRateResult"
91-->src\main\AndroidManifest.xml:80:13-44
92            android:configChanges="orientation"
92-->src\main\AndroidManifest.xml:81:13-48
93            android:screenOrientation="fullSensor" />
93-->src\main\AndroidManifest.xml:82:13-51
94        <activity
94-->src\main\AndroidManifest.xml:83:9-86:54
95            android:name="com.riad.shebahealthcheck.RespirationResult"
95-->src\main\AndroidManifest.xml:84:13-46
96            android:configChanges="orientation"
96-->src\main\AndroidManifest.xml:85:13-48
97            android:screenOrientation="fullSensor" />
97-->src\main\AndroidManifest.xml:86:13-51
98        <activity
98-->src\main\AndroidManifest.xml:87:9-90:54
99            android:name="com.riad.shebahealthcheck.HeartRateProcess"
99-->src\main\AndroidManifest.xml:88:13-45
100            android:configChanges="orientation"
100-->src\main\AndroidManifest.xml:89:13-48
101            android:screenOrientation="fullSensor" />
101-->src\main\AndroidManifest.xml:90:13-51
102        <activity
102-->src\main\AndroidManifest.xml:91:9-94:54
103            android:name="com.riad.shebahealthcheck.BloodPressureProcess"
103-->src\main\AndroidManifest.xml:92:13-49
104            android:configChanges="orientation"
104-->src\main\AndroidManifest.xml:93:13-48
105            android:screenOrientation="fullSensor" />
105-->src\main\AndroidManifest.xml:94:13-51
106        <activity
106-->src\main\AndroidManifest.xml:95:9-98:54
107            android:name="com.riad.shebahealthcheck.O2Process"
107-->src\main\AndroidManifest.xml:96:13-38
108            android:configChanges="orientation"
108-->src\main\AndroidManifest.xml:97:13-48
109            android:screenOrientation="fullSensor" />
109-->src\main\AndroidManifest.xml:98:13-51
110        <activity
110-->src\main\AndroidManifest.xml:99:9-102:54
111            android:name="com.riad.shebahealthcheck.Login"
111-->src\main\AndroidManifest.xml:100:13-34
112            android:configChanges="orientation"
112-->src\main\AndroidManifest.xml:101:13-48
113            android:screenOrientation="fullSensor" />
113-->src\main\AndroidManifest.xml:102:13-51
114        <activity
114-->src\main\AndroidManifest.xml:103:9-106:54
115            android:name="com.riad.shebahealthcheck.RespirationProcess"
115-->src\main\AndroidManifest.xml:104:13-47
116            android:configChanges="orientation"
116-->src\main\AndroidManifest.xml:105:13-48
117            android:screenOrientation="fullSensor" />
117-->src\main\AndroidManifest.xml:106:13-51
118        <activity
118-->src\main\AndroidManifest.xml:107:9-110:54
119            android:name="com.riad.shebahealthcheck.StartVitalSigns"
119-->src\main\AndroidManifest.xml:108:13-44
120            android:configChanges="orientation"
120-->src\main\AndroidManifest.xml:109:13-48
121            android:screenOrientation="fullSensor" />
121-->src\main\AndroidManifest.xml:110:13-51
122        <activity
122-->src\main\AndroidManifest.xml:111:9-114:54
123            android:name="com.riad.shebahealthcheck.VitalSignsProcess"
123-->src\main\AndroidManifest.xml:112:13-46
124            android:configChanges="orientation"
124-->src\main\AndroidManifest.xml:113:13-48
125            android:screenOrientation="fullSensor" />
125-->src\main\AndroidManifest.xml:114:13-51
126        <activity
126-->src\main\AndroidManifest.xml:115:9-118:54
127            android:name="com.riad.shebahealthcheck.VitalSignsResults"
127-->src\main\AndroidManifest.xml:116:13-46
128            android:configChanges="orientation"
128-->src\main\AndroidManifest.xml:117:13-48
129            android:screenOrientation="fullSensor" />
129-->src\main\AndroidManifest.xml:118:13-51
130
131        <provider
131-->[androidx.emoji2:emoji2:1.2.0] AndroidManifest.xml:24:9-32:20
132            android:name="androidx.startup.InitializationProvider"
132-->[androidx.emoji2:emoji2:1.2.0] AndroidManifest.xml:25:13-67
133            android:authorities="com.riad.shebahealthcheck.androidx-startup"
133-->[androidx.emoji2:emoji2:1.2.0] AndroidManifest.xml:26:13-68
134            android:exported="false" >
134-->[androidx.emoji2:emoji2:1.2.0] AndroidManifest.xml:27:13-37
135            <meta-data
135-->[androidx.emoji2:emoji2:1.2.0] AndroidManifest.xml:29:13-31:52
136                android:name="androidx.emoji2.text.EmojiCompatInitializer"
136-->[androidx.emoji2:emoji2:1.2.0] AndroidManifest.xml:30:17-75
137                android:value="androidx.startup" />
137-->[androidx.emoji2:emoji2:1.2.0] AndroidManifest.xml:31:17-49
138            <meta-data
138-->[androidx.lifecycle:lifecycle-process:2.7.0] AndroidManifest.xml:29:13-31:52
139                android:name="androidx.lifecycle.ProcessLifecycleInitializer"
139-->[androidx.lifecycle:lifecycle-process:2.7.0] AndroidManifest.xml:30:17-78
140                android:value="androidx.startup" />
140-->[androidx.lifecycle:lifecycle-process:2.7.0] AndroidManifest.xml:31:17-49
141            <meta-data
141-->[androidx.profileinstaller:profileinstaller:1.3.1] AndroidManifest.xml:29:13-31:52
142                android:name="androidx.profileinstaller.ProfileInstallerInitializer"
142-->[androidx.profileinstaller:profileinstaller:1.3.1] AndroidManifest.xml:30:17-85
143                android:value="androidx.startup" />
143-->[androidx.profileinstaller:profileinstaller:1.3.1] AndroidManifest.xml:31:17-49
144        </provider>
145
146        <uses-library
146-->[androidx.window:window:1.0.0] AndroidManifest.xml:25:9-27:40
147            android:name="androidx.window.extensions"
147-->[androidx.window:window:1.0.0] AndroidManifest.xml:26:13-54
148            android:required="false" />
148-->[androidx.window:window:1.0.0] AndroidManifest.xml:27:13-37
149        <uses-library
149-->[androidx.window:window:1.0.0] AndroidManifest.xml:28:9-30:40
150            android:name="androidx.window.sidecar"
150-->[androidx.window:window:1.0.0] AndroidManifest.xml:29:13-51
151            android:required="false" />
151-->[androidx.window:window:1.0.0] AndroidManifest.xml:30:13-37
152
153        <receiver
153-->[androidx.profileinstaller:profileinstaller:1.3.1] AndroidManifest.xml:34:9-52:20
154            android:name="androidx.profileinstaller.ProfileInstallReceiver"
154-->[androidx.profileinstaller:profileinstaller:1.3.1] AndroidManifest.xml:35:13-76
155            android:directBootAware="false"
155-->[androidx.profileinstaller:profileinstaller:1.3.1] AndroidManifest.xml:36:13-44
156            android:enabled="true"
156-->[androidx.profileinstaller:profileinstaller:1.3.1] AndroidManifest.xml:37:13-35
157            android:exported="true"
157-->[androidx.profileinstaller:profileinstaller:1.3.1] AndroidManifest.xml:38:13-36
158            android:permission="android.permission.DUMP" >
158-->[androidx.profileinstaller:profileinstaller:1.3.1] AndroidManifest.xml:39:13-57
159            <intent-filter>
159-->[androidx.profileinstaller:profileinstaller:1.3.1] AndroidManifest.xml:40:13-42:29
160                <action android:name="androidx.profileinstaller.action.INSTALL_PROFILE" />
160-->[androidx.profileinstaller:profileinstaller:1.3.1] AndroidManifest.xml:41:17-91
160-->[androidx.profileinstaller:profileinstaller:1.3.1] AndroidManifest.xml:41:25-88
161            </intent-filter>
162            <intent-filter>
162-->[androidx.profileinstaller:profileinstaller:1.3.1] AndroidManifest.xml:43:13-45:29
163                <action android:name="androidx.profileinstaller.action.SKIP_FILE" />
163-->[androidx.profileinstaller:profileinstaller:1.3.1] AndroidManifest.xml:44:17-85
163-->[androidx.profileinstaller:profileinstaller:1.3.1] AndroidManifest.xml:44:25-82
164            </intent-filter>
165            <intent-filter>
165-->[androidx.profileinstaller:profileinstaller:1.3.1] AndroidManifest.xml:46:13-48:29
166                <action android:name="androidx.profileinstaller.action.SAVE_PROFILE" />
166-->[androidx.profileinstaller:profileinstaller:1.3.1] AndroidManifest.xml:47:17-88
166-->[androidx.profileinstaller:profileinstaller:1.3.1] AndroidManifest.xml:47:25-85
167            </intent-filter>
168            <intent-filter>
168-->[androidx.profileinstaller:profileinstaller:1.3.1] AndroidManifest.xml:49:13-51:29
169                <action android:name="androidx.profileinstaller.action.BENCHMARK_OPERATION" />
169-->[androidx.profileinstaller:profileinstaller:1.3.1] AndroidManifest.xml:50:17-95
169-->[androidx.profileinstaller:profileinstaller:1.3.1] AndroidManifest.xml:50:25-92
170            </intent-filter>
171        </receiver>
172    </application>
173
174</manifest>